[1.783s] Invoking command in '/home/awakesid/Desktop/second_ros2_ws/build/my_pkg': PYTHONPATH=/home/awakesid/Desktop/second_ros2_ws/build/my_pkg/prefix_override:/usr/lib/python3/dist-packages/colcon_core/task/python/colcon_distutils_commands:/home/awakesid/Desktop/second_ros2_ws/install/my_pkg/lib/python3.12/site-packages:${PYTHONPATH} /usr/bin/python3 -W ignore:setup.py install is deprecated -W ignore:easy_install command is deprecated setup.py develop --editable --build-directory /home/awakesid/Desktop/second_ros2_ws/build/my_pkg/build --no-deps symlink_data
[2.354s] running develop
[2.702s] running egg_info
[2.703s] creating my_pkg.egg-info
[2.740s] writing my_pkg.egg-info/PKG-INFO
[2.741s] writing dependency_links to my_pkg.egg-info/dependency_links.txt
[2.741s] writing entry points to my_pkg.egg-info/entry_points.txt
[2.742s] writing requirements to my_pkg.egg-info/requires.txt
[2.742s] writing top-level names to my_pkg.egg-info/top_level.txt
[2.743s] writing manifest file 'my_pkg.egg-info/SOURCES.txt'
[2.809s] reading manifest file 'my_pkg.egg-info/SOURCES.txt'
[2.810s] writing manifest file 'my_pkg.egg-info/SOURCES.txt'
[2.849s] running build_ext
[2.850s] Creating /home/awakesid/Desktop/second_ros2_ws/install/my_pkg/lib/python3.12/site-packages/my-pkg.egg-link (link to .)
[2.851s] Installing hello_node script to /home/awakesid/Desktop/second_ros2_ws/install/my_pkg/lib/my_pkg
[2.852s] 
[2.853s] Installed /home/awakesid/Desktop/second_ros2_ws/build/my_pkg
[2.853s] running symlink_data
[2.853s] creating /home/awakesid/Desktop/second_ros2_ws/install/my_pkg/share/ament_index
[2.853s] creating /home/awakesid/Desktop/second_ros2_ws/install/my_pkg/share/ament_index/resource_index
[2.853s] creating /home/awakesid/Desktop/second_ros2_ws/install/my_pkg/share/ament_index/resource_index/packages
[2.854s] symbolically linking /home/awakesid/Desktop/second_ros2_ws/build/my_pkg/resource/my_pkg -> /home/awakesid/Desktop/second_ros2_ws/install/my_pkg/share/ament_index/resource_index/packages
[2.854s] symbolically linking /home/awakesid/Desktop/second_ros2_ws/build/my_pkg/package.xml -> /home/awakesid/Desktop/second_ros2_ws/install/my_pkg/share/my_pkg
[2.909s] Invoked command in '/home/awakesid/Desktop/second_ros2_ws/build/my_pkg' returned '0': PYTHONPATH=/home/awakesid/Desktop/second_ros2_ws/build/my_pkg/prefix_override:/usr/lib/python3/dist-packages/colcon_core/task/python/colcon_distutils_commands:/home/awakesid/Desktop/second_ros2_ws/install/my_pkg/lib/python3.12/site-packages:${PYTHONPATH} /usr/bin/python3 -W ignore:setup.py install is deprecated -W ignore:easy_install command is deprecated setup.py develop --editable --build-directory /home/awakesid/Desktop/second_ros2_ws/build/my_pkg/build --no-deps symlink_data
