running egg_info
writing ../build/urdf_tut/urdf_tut.egg-info/PKG-INFO
writing dependency_links to ../build/urdf_tut/urdf_tut.egg-info/dependency_links.txt
writing entry points to ../build/urdf_tut/urdf_tut.egg-info/entry_points.txt
writing requirements to ../build/urdf_tut/urdf_tut.egg-info/requires.txt
writing top-level names to ../build/urdf_tut/urdf_tut.egg-info/top_level.txt
reading manifest file '../build/urdf_tut/urdf_tut.egg-info/SOURCES.txt'
adding license file 'LICENSE'
writing manifest file '../build/urdf_tut/urdf_tut.egg-info/SOURCES.txt'
running build
running build_py
copying urdf_tut/read_encoder.py -> /home/awakesid/Desktop/second_ros2_ws/build/urdf_tut/build/lib/urdf_tut
running install
running install_lib
copying /home/awakesid/Desktop/second_ros2_ws/build/urdf_tut/build/lib/urdf_tut/read_encoder.py -> /home/awakesid/Desktop/second_ros2_ws/install/urdf_tut/lib/python3.12/site-packages/urdf_tut
byte-compiling /home/awakesid/Desktop/second_ros2_ws/install/urdf_tut/lib/python3.12/site-packages/urdf_tut/read_encoder.py to read_encoder.cpython-312.pyc
running install_data
running install_egg_info
removing '/home/awakesid/Desktop/second_ros2_ws/install/urdf_tut/lib/python3.12/site-packages/urdf_tut-0.0.0-py3.12.egg-info' (and everything under it)
Copying ../build/urdf_tut/urdf_tut.egg-info to /home/awakesid/Desktop/second_ros2_ws/install/urdf_tut/lib/python3.12/site-packages/urdf_tut-0.0.0-py3.12.egg-info
running install_scripts
Installing read_encoder script to /home/awakesid/Desktop/second_ros2_ws/install/urdf_tut/lib/urdf_tut
writing list of installed files to '/home/awakesid/Desktop/second_ros2_ws/build/urdf_tut/install.log'
