[1.603s] Invoking command in '/home/awakesid/Desktop/second_ros2_ws/urdf_tut': PYTHONPATH=/home/awakesid/Desktop/second_ros2_ws/build/urdf_tut/prefix_override:/usr/lib/python3/dist-packages/colcon_core/task/python/colcon_distutils_commands:/home/awakesid/Desktop/second_ros2_ws/install/urdf_tut/lib/python3.12/site-packages:${PYTHONPATH} /usr/bin/python3 -W ignore:setup.py install is deprecated -W ignore:easy_install command is deprecated setup.py egg_info --egg-base ../build/urdf_tut build --build-base /home/awakesid/Desktop/second_ros2_ws/build/urdf_tut/build install --record /home/awakesid/Desktop/second_ros2_ws/build/urdf_tut/install.log --single-version-externally-managed install_data
[2.107s] running egg_info
[2.154s] writing ../build/urdf_tut/urdf_tut.egg-info/PKG-INFO
[2.156s] writing dependency_links to ../build/urdf_tut/urdf_tut.egg-info/dependency_links.txt
[2.156s] writing entry points to ../build/urdf_tut/urdf_tut.egg-info/entry_points.txt
[2.156s] writing requirements to ../build/urdf_tut/urdf_tut.egg-info/requires.txt
[2.157s] writing top-level names to ../build/urdf_tut/urdf_tut.egg-info/top_level.txt
[2.231s] reading manifest file '../build/urdf_tut/urdf_tut.egg-info/SOURCES.txt'
[2.232s] adding license file 'LICENSE'
[2.233s] writing manifest file '../build/urdf_tut/urdf_tut.egg-info/SOURCES.txt'
[2.235s] running build
[2.235s] running build_py
[2.235s] copying urdf_tut/read_encoder.py -> /home/awakesid/Desktop/second_ros2_ws/build/urdf_tut/build/lib/urdf_tut
[2.236s] running install
[2.245s] running install_lib
[2.280s] copying /home/awakesid/Desktop/second_ros2_ws/build/urdf_tut/build/lib/urdf_tut/read_encoder.py -> /home/awakesid/Desktop/second_ros2_ws/install/urdf_tut/lib/python3.12/site-packages/urdf_tut
[2.281s] byte-compiling /home/awakesid/Desktop/second_ros2_ws/install/urdf_tut/lib/python3.12/site-packages/urdf_tut/read_encoder.py to read_encoder.cpython-312.pyc
[2.284s] running install_data
[2.284s] running install_egg_info
[2.342s] removing '/home/awakesid/Desktop/second_ros2_ws/install/urdf_tut/lib/python3.12/site-packages/urdf_tut-0.0.0-py3.12.egg-info' (and everything under it)
[2.343s] Copying ../build/urdf_tut/urdf_tut.egg-info to /home/awakesid/Desktop/second_ros2_ws/install/urdf_tut/lib/python3.12/site-packages/urdf_tut-0.0.0-py3.12.egg-info
[2.345s] running install_scripts
[2.618s] Installing read_encoder script to /home/awakesid/Desktop/second_ros2_ws/install/urdf_tut/lib/urdf_tut
[2.619s] writing list of installed files to '/home/awakesid/Desktop/second_ros2_ws/build/urdf_tut/install.log'
[2.675s] Invoked command in '/home/awakesid/Desktop/second_ros2_ws/urdf_tut' returned '0': PYTHONPATH=/home/awakesid/Desktop/second_ros2_ws/build/urdf_tut/prefix_override:/usr/lib/python3/dist-packages/colcon_core/task/python/colcon_distutils_commands:/home/awakesid/Desktop/second_ros2_ws/install/urdf_tut/lib/python3.12/site-packages:${PYTHONPATH} /usr/bin/python3 -W ignore:setup.py install is deprecated -W ignore:easy_install command is deprecated setup.py egg_info --egg-base ../build/urdf_tut build --build-base /home/awakesid/Desktop/second_ros2_ws/build/urdf_tut/build install --record /home/awakesid/Desktop/second_ros2_ws/build/urdf_tut/install.log --single-version-externally-managed install_data
