[1.488s] Invoking command in '/home/awakesid/Desktop/second_ros2_ws/build/tutorial_node': PYTHONPATH=/home/awakesid/Desktop/second_ros2_ws/build/tutorial_node/prefix_override:/usr/lib/python3/dist-packages/colcon_core/task/python/colcon_distutils_commands:/home/awakesid/Desktop/second_ros2_ws/install/tutorial_node/lib/python3.12/site-packages:${PYTHONPATH} /usr/bin/python3 -W ignore:setup.py install is deprecated -W ignore:easy_install command is deprecated setup.py develop --editable --build-directory /home/awakesid/Desktop/second_ros2_ws/build/tutorial_node/build --no-deps symlink_data
[2.088s] running develop
[2.468s] running egg_info
[2.497s] writing tutorial_node.egg-info/PKG-INFO
[2.498s] writing dependency_links to tutorial_node.egg-info/dependency_links.txt
[2.498s] writing entry points to tutorial_node.egg-info/entry_points.txt
[2.498s] writing requirements to tutorial_node.egg-info/requires.txt
[2.499s] writing top-level names to tutorial_node.egg-info/top_level.txt
[2.580s] reading manifest file 'tutorial_node.egg-info/SOURCES.txt'
[2.581s] writing manifest file 'tutorial_node.egg-info/SOURCES.txt'
[2.630s] running build_ext
[2.630s] Creating /home/awakesid/Desktop/second_ros2_ws/install/tutorial_node/lib/python3.12/site-packages/tutorial-node.egg-link (link to .)
[2.631s] Installing publisher_node script to /home/awakesid/Desktop/second_ros2_ws/install/tutorial_node/lib/tutorial_node
[2.632s] Installing subscriber_node script to /home/awakesid/Desktop/second_ros2_ws/install/tutorial_node/lib/tutorial_node
[2.633s] 
[2.634s] Installed /home/awakesid/Desktop/second_ros2_ws/build/tutorial_node
[2.634s] running symlink_data
[2.635s] creating /home/awakesid/Desktop/second_ros2_ws/install/tutorial_node/share/tutorial_node/launch
[2.635s] symbolically linking /home/awakesid/Desktop/second_ros2_ws/build/tutorial_node/launch/pub_sub_launch.py -> /home/awakesid/Desktop/second_ros2_ws/install/tutorial_node/share/tutorial_node/launch
[2.686s] Invoked command in '/home/awakesid/Desktop/second_ros2_ws/build/tutorial_node' returned '0': PYTHONPATH=/home/awakesid/Desktop/second_ros2_ws/build/tutorial_node/prefix_override:/usr/lib/python3/dist-packages/colcon_core/task/python/colcon_distutils_commands:/home/awakesid/Desktop/second_ros2_ws/install/tutorial_node/lib/python3.12/site-packages:${PYTHONPATH} /usr/bin/python3 -W ignore:setup.py install is deprecated -W ignore:easy_install command is deprecated setup.py develop --editable --build-directory /home/awakesid/Desktop/second_ros2_ws/build/tutorial_node/build --no-deps symlink_data
