[0.159s] DEBUG:colcon:Command line arguments: ['/usr/bin/colcon', 'build', '--symlink-install', '--packages-select', 'tutorial_node']
[0.160s] DEBUG:colcon:Parsed command line arguments: Namespace(log_base=None, log_level=None, verb_name='build', build_base='build', install_base='install', merge_install=False, symlink_install=True, test_result_base=None, continue_on_error=False, executor='parallel', parallel_workers=4, event_handlers=None, ignore_user_meta=False, metas=['./colcon.meta'], base_paths=['.'], packages_ignore=None, packages_ignore_regex=None, paths=None, packages_up_to=None, packages_up_to_regex=None, packages_above=None, packages_above_and_dependencies=None, packages_above_depth=None, packages_select_by_dep=None, packages_skip_by_dep=None, packages_skip_up_to=None, packages_select_build_failed=False, packages_skip_build_finished=False, packages_select_test_failures=False, packages_skip_test_passed=False, packages_select=['tutorial_node'], packages_skip=None, packages_select_regex=None, packages_skip_regex=None, packages_start=None, packages_end=None, allow_overriding=[], cmake_args=None, cmake_target=None, cmake_target_skip_unavailable=False, cmake_clean_cache=False, cmake_clean_first=False, cmake_force_configure=False, ament_cmake_args=None, catkin_cmake_args=None, catkin_skip_building_tests=False, mixin_files=None, mixin=None, verb_parser=<colcon_mixin.mixin.mixin_argument.MixinArgumentDecorator object at 0x7951e9d9dca0>, verb_extension=<colcon_core.verb.build.BuildVerb object at 0x7951e9d9d910>, main=<bound method BuildVerb.main of <colcon_core.verb.build.BuildVerb object at 0x7951e9d9d910>>, mixin_verb=('build',))
[0.222s] Level 1:colcon.colcon_core.package_discovery:discover_packages(colcon_meta) check parameters
[0.222s] Level 1:colcon.colcon_core.package_discovery:discover_packages(recursive) check parameters
[0.222s] Level 1:colcon.colcon_core.package_discovery:discover_packages(ignore) check parameters
[0.222s] Level 1:colcon.colcon_core.package_discovery:discover_packages(path) check parameters
[0.222s] Level 1:colcon.colcon_core.package_discovery:discover_packages(colcon_meta) discover
[0.222s] Level 1:colcon.colcon_core.package_discovery:discover_packages(recursive) discover
[0.222s] INFO:colcon.colcon_core.package_discovery:Crawling recursively for packages in '/home/awakesid/Desktop/second_ros2_ws'
[0.223s] Level 1:colcon.colcon_core.package_identification:_identify(.) by extensions ['ignore', 'ignore_ament_install']
[0.223s] Level 1:colcon.colcon_core.package_identification:_identify(.) by extension 'ignore'
[0.223s] Level 1:colcon.colcon_core.package_identification:_identify(.) by extension 'ignore_ament_install'
[0.223s] Level 1:colcon.colcon_core.package_identification:_identify(.) by extensions ['colcon_pkg']
[0.223s] Level 1:colcon.colcon_core.package_identification:_identify(.) by extension 'colcon_pkg'
[0.223s] Level 1:colcon.colcon_core.package_identification:_identify(.) by extensions ['colcon_meta']
[0.223s] Level 1:colcon.colcon_core.package_identification:_identify(.) by extension 'colcon_meta'
[0.224s] Level 1:colcon.colcon_core.package_identification:_identify(.) by extensions ['ros']
[0.224s] Level 1:colcon.colcon_core.package_identification:_identify(.) by extension 'ros'
[0.262s] Level 1:colcon.colcon_core.package_identification:_identify(.) by extensions ['cmake', 'python']
[0.262s] Level 1:colcon.colcon_core.package_identification:_identify(.) by extension 'cmake'
[0.262s] Level 1:colcon.colcon_core.package_identification:_identify(.) by extension 'python'
[0.262s] Level 1:colcon.colcon_core.package_identification:_identify(.) by extensions ['python_setup_py']
[0.262s] Level 1:colcon.colcon_core.package_identification:_identify(.) by extension 'python_setup_py'
[0.262s] Level 1:colcon.colcon_core.package_identification:_identify(build) by extensions ['ignore', 'ignore_ament_install']
[0.262s] Level 1:colcon.colcon_core.package_identification:_identify(build) by extension 'ignore'
[0.263s] Level 1:colcon.colcon_core.package_identification:_identify(build) ignored
[0.263s] Level 1:colcon.colcon_core.package_identification:_identify(install) by extensions ['ignore', 'ignore_ament_install']
[0.263s] Level 1:colcon.colcon_core.package_identification:_identify(install) by extension 'ignore'
[0.263s] Level 1:colcon.colcon_core.package_identification:_identify(install) ignored
[0.263s] Level 1:colcon.colcon_core.package_identification:_identify(log) by extensions ['ignore', 'ignore_ament_install']
[0.263s] Level 1:colcon.colcon_core.package_identification:_identify(log) by extension 'ignore'
[0.264s] Level 1:colcon.colcon_core.package_identification:_identify(log) ignored
[0.264s] Level 1:colcon.colcon_core.package_identification:_identify(src) by extensions ['ignore', 'ignore_ament_install']
[0.264s] Level 1:colcon.colcon_core.package_identification:_identify(src) by extension 'ignore'
[0.264s] Level 1:colcon.colcon_core.package_identification:_identify(src) by extension 'ignore_ament_install'
[0.264s] Level 1:colcon.colcon_core.package_identification:_identify(src) by extensions ['colcon_pkg']
[0.264s] Level 1:colcon.colcon_core.package_identification:_identify(src) by extension 'colcon_pkg'
[0.264s] Level 1:colcon.colcon_core.package_identification:_identify(src) by extensions ['colcon_meta']
[0.264s] Level 1:colcon.colcon_core.package_identification:_identify(src) by extension 'colcon_meta'
[0.264s] Level 1:colcon.colcon_core.package_identification:_identify(src) by extensions ['ros']
[0.264s] Level 1:colcon.colcon_core.package_identification:_identify(src) by extension 'ros'
[0.265s] Level 1:colcon.colcon_core.package_identification:_identify(src) by extensions ['cmake', 'python']
[0.265s] Level 1:colcon.colcon_core.package_identification:_identify(src) by extension 'cmake'
[0.265s] Level 1:colcon.colcon_core.package_identification:_identify(src) by extension 'python'
[0.265s] Level 1:colcon.colcon_core.package_identification:_identify(src) by extensions ['python_setup_py']
[0.265s] Level 1:colcon.colcon_core.package_identification:_identify(src) by extension 'python_setup_py'
[0.265s] Level 1:colcon.colcon_core.package_identification:_identify(src/my_pkg) by extensions ['ignore', 'ignore_ament_install']
[0.265s] Level 1:colcon.colcon_core.package_identification:_identify(src/my_pkg) by extension 'ignore'
[0.265s] Level 1:colcon.colcon_core.package_identification:_identify(src/my_pkg) by extension 'ignore_ament_install'
[0.266s] Level 1:colcon.colcon_core.package_identification:_identify(src/my_pkg) by extensions ['colcon_pkg']
[0.266s] Level 1:colcon.colcon_core.package_identification:_identify(src/my_pkg) by extension 'colcon_pkg'
[0.266s] Level 1:colcon.colcon_core.package_identification:_identify(src/my_pkg) by extensions ['colcon_meta']
[0.266s] Level 1:colcon.colcon_core.package_identification:_identify(src/my_pkg) by extension 'colcon_meta'
[0.266s] Level 1:colcon.colcon_core.package_identification:_identify(src/my_pkg) by extensions ['ros']
[0.266s] Level 1:colcon.colcon_core.package_identification:_identify(src/my_pkg) by extension 'ros'
[0.269s] DEBUG:colcon.colcon_core.package_identification:Package 'src/my_pkg' with type 'ros.ament_python' and name 'my_pkg'
[0.269s] Level 1:colcon.colcon_core.package_identification:_identify(src/my_pkg1) by extensions ['ignore', 'ignore_ament_install']
[0.270s] Level 1:colcon.colcon_core.package_identification:_identify(src/my_pkg1) by extension 'ignore'
[0.270s] Level 1:colcon.colcon_core.package_identification:_identify(src/my_pkg1) by extension 'ignore_ament_install'
[0.270s] Level 1:colcon.colcon_core.package_identification:_identify(src/my_pkg1) by extensions ['colcon_pkg']
[0.270s] Level 1:colcon.colcon_core.package_identification:_identify(src/my_pkg1) by extension 'colcon_pkg'
[0.270s] Level 1:colcon.colcon_core.package_identification:_identify(src/my_pkg1) by extensions ['colcon_meta']
[0.270s] Level 1:colcon.colcon_core.package_identification:_identify(src/my_pkg1) by extension 'colcon_meta'
[0.270s] Level 1:colcon.colcon_core.package_identification:_identify(src/my_pkg1) by extensions ['ros']
[0.270s] Level 1:colcon.colcon_core.package_identification:_identify(src/my_pkg1) by extension 'ros'
[0.271s] DEBUG:colcon.colcon_core.package_identification:Package 'src/my_pkg1' with type 'ros.ament_cmake' and name 'my_pkg1'
[0.271s] Level 1:colcon.colcon_core.package_identification:_identify(src/sensor_demo) by extensions ['ignore', 'ignore_ament_install']
[0.271s] Level 1:colcon.colcon_core.package_identification:_identify(src/sensor_demo) by extension 'ignore'
[0.271s] Level 1:colcon.colcon_core.package_identification:_identify(src/sensor_demo) by extension 'ignore_ament_install'
[0.272s] Level 1:colcon.colcon_core.package_identification:_identify(src/sensor_demo) by extensions ['colcon_pkg']
[0.272s] Level 1:colcon.colcon_core.package_identification:_identify(src/sensor_demo) by extension 'colcon_pkg'
[0.272s] Level 1:colcon.colcon_core.package_identification:_identify(src/sensor_demo) by extensions ['colcon_meta']
[0.272s] Level 1:colcon.colcon_core.package_identification:_identify(src/sensor_demo) by extension 'colcon_meta'
[0.272s] Level 1:colcon.colcon_core.package_identification:_identify(src/sensor_demo) by extensions ['ros']
[0.272s] Level 1:colcon.colcon_core.package_identification:_identify(src/sensor_demo) by extension 'ros'
[0.273s] DEBUG:colcon.colcon_core.package_identification:Package 'src/sensor_demo' with type 'ros.ament_python' and name 'sensor_demo'
[0.273s] Level 1:colcon.colcon_core.package_identification:_identify(src/tutorial_node) by extensions ['ignore', 'ignore_ament_install']
[0.273s] Level 1:colcon.colcon_core.package_identification:_identify(src/tutorial_node) by extension 'ignore'
[0.273s] Level 1:colcon.colcon_core.package_identification:_identify(src/tutorial_node) by extension 'ignore_ament_install'
[0.273s] Level 1:colcon.colcon_core.package_identification:_identify(src/tutorial_node) by extensions ['colcon_pkg']
[0.273s] Level 1:colcon.colcon_core.package_identification:_identify(src/tutorial_node) by extension 'colcon_pkg'
[0.273s] Level 1:colcon.colcon_core.package_identification:_identify(src/tutorial_node) by extensions ['colcon_meta']
[0.274s] Level 1:colcon.colcon_core.package_identification:_identify(src/tutorial_node) by extension 'colcon_meta'
[0.274s] Level 1:colcon.colcon_core.package_identification:_identify(src/tutorial_node) by extensions ['ros']
[0.274s] Level 1:colcon.colcon_core.package_identification:_identify(src/tutorial_node) by extension 'ros'
[0.274s] DEBUG:colcon.colcon_core.package_identification:Package 'src/tutorial_node' with type 'ros.ament_python' and name 'tutorial_node'
[0.275s] Level 1:colcon.colcon_core.package_identification:_identify(src/urdf_tut) by extensions ['ignore', 'ignore_ament_install']
[0.275s] Level 1:colcon.colcon_core.package_identification:_identify(src/urdf_tut) by extension 'ignore'
[0.275s] Level 1:colcon.colcon_core.package_identification:_identify(src/urdf_tut) by extension 'ignore_ament_install'
[0.275s] Level 1:colcon.colcon_core.package_identification:_identify(src/urdf_tut) by extensions ['colcon_pkg']
[0.275s] Level 1:colcon.colcon_core.package_identification:_identify(src/urdf_tut) by extension 'colcon_pkg'
[0.275s] Level 1:colcon.colcon_core.package_identification:_identify(src/urdf_tut) by extensions ['colcon_meta']
[0.275s] Level 1:colcon.colcon_core.package_identification:_identify(src/urdf_tut) by extension 'colcon_meta'
[0.275s] Level 1:colcon.colcon_core.package_identification:_identify(src/urdf_tut) by extensions ['ros']
[0.275s] Level 1:colcon.colcon_core.package_identification:_identify(src/urdf_tut) by extension 'ros'
[0.276s] DEBUG:colcon.colcon_core.package_identification:Package 'src/urdf_tut' with type 'ros.ament_python' and name 'urdf_tut'
[0.276s] Level 1:colcon.colcon_core.package_discovery:discover_packages(recursive) using defaults
[0.276s] Level 1:colcon.colcon_core.package_discovery:discover_packages(ignore) discover
[0.277s] Level 1:colcon.colcon_core.package_discovery:discover_packages(ignore) using defaults
[0.277s] Level 1:colcon.colcon_core.package_discovery:discover_packages(path) discover
[0.277s] Level 1:colcon.colcon_core.package_discovery:discover_packages(path) using defaults
[0.302s] INFO:colcon.colcon_core.package_selection:Skipping not selected package 'my_pkg' in 'src/my_pkg'
[0.302s] INFO:colcon.colcon_core.package_selection:Skipping not selected package 'my_pkg1' in 'src/my_pkg1'
[0.302s] INFO:colcon.colcon_core.package_selection:Skipping not selected package 'sensor_demo' in 'src/sensor_demo'
[0.302s] INFO:colcon.colcon_core.package_selection:Skipping not selected package 'urdf_tut' in 'src/urdf_tut'
[0.303s] Level 1:colcon.colcon_core.package_discovery:discover_packages(prefix_path) check parameters
[0.303s] Level 1:colcon.colcon_core.package_discovery:discover_packages(prefix_path) discover
[0.306s] DEBUG:colcon.colcon_installed_package_information.package_discovery:Found 5 installed packages in /home/awakesid/Desktop/second_ros2_ws/install
[0.308s] DEBUG:colcon.colcon_installed_package_information.package_discovery:Found 290 installed packages in /opt/ros/jazzy
[0.310s] Level 1:colcon.colcon_core.package_discovery:discover_packages(prefix_path) using defaults
[0.375s] Level 5:colcon.colcon_core.verb:set package 'tutorial_node' build argument 'cmake_args' from command line to 'None'
[0.375s] Level 5:colcon.colcon_core.verb:set package 'tutorial_node' build argument 'cmake_target' from command line to 'None'
[0.375s] Level 5:colcon.colcon_core.verb:set package 'tutorial_node' build argument 'cmake_target_skip_unavailable' from command line to 'False'
[0.375s] Level 5:colcon.colcon_core.verb:set package 'tutorial_node' build argument 'cmake_clean_cache' from command line to 'False'
[0.375s] Level 5:colcon.colcon_core.verb:set package 'tutorial_node' build argument 'cmake_clean_first' from command line to 'False'
[0.375s] Level 5:colcon.colcon_core.verb:set package 'tutorial_node' build argument 'cmake_force_configure' from command line to 'False'
[0.375s] Level 5:colcon.colcon_core.verb:set package 'tutorial_node' build argument 'ament_cmake_args' from command line to 'None'
[0.375s] Level 5:colcon.colcon_core.verb:set package 'tutorial_node' build argument 'catkin_cmake_args' from command line to 'None'
[0.376s] Level 5:colcon.colcon_core.verb:set package 'tutorial_node' build argument 'catkin_skip_building_tests' from command line to 'False'
[0.376s] DEBUG:colcon.colcon_core.verb:Building package 'tutorial_node' with the following arguments: {'ament_cmake_args': None, 'build_base': '/home/awakesid/Desktop/second_ros2_ws/build/tutorial_node', 'catkin_cmake_args': None, 'catkin_skip_building_tests': False, 'cmake_args': None, 'cmake_clean_cache': False, 'cmake_clean_first': False, 'cmake_force_configure': False, 'cmake_target': None, 'cmake_target_skip_unavailable': False, 'install_base': '/home/awakesid/Desktop/second_ros2_ws/install/tutorial_node', 'merge_install': False, 'path': '/home/awakesid/Desktop/second_ros2_ws/src/tutorial_node', 'symlink_install': True, 'test_result_base': None}
[0.376s] INFO:colcon.colcon_core.executor:Executing jobs using 'parallel' executor
[0.377s] DEBUG:colcon.colcon_parallel_executor.executor.parallel:run_until_complete
[0.378s] INFO:colcon.colcon_ros.task.ament_python.build:Building ROS package in '/home/awakesid/Desktop/second_ros2_ws/src/tutorial_node' with build type 'ament_python'
[0.378s] Level 1:colcon.colcon_core.shell:create_environment_hook('tutorial_node', 'ament_prefix_path')
[0.382s] INFO:colcon.colcon_core.plugin_system:Skipping extension 'colcon_core.shell.bat': Not used on non-Windows systems
[0.382s] INFO:colcon.colcon_core.shell:Creating environment hook '/home/awakesid/Desktop/second_ros2_ws/install/tutorial_node/share/tutorial_node/hook/ament_prefix_path.ps1'
[0.384s] INFO:colcon.colcon_core.shell:Creating environment descriptor '/home/awakesid/Desktop/second_ros2_ws/install/tutorial_node/share/tutorial_node/hook/ament_prefix_path.dsv'
[0.385s] INFO:colcon.colcon_core.shell:Creating environment hook '/home/awakesid/Desktop/second_ros2_ws/install/tutorial_node/share/tutorial_node/hook/ament_prefix_path.sh'
[0.386s] INFO:colcon.colcon_core.shell:Skip shell extension 'powershell' for command environment: Not usable outside of PowerShell
[0.386s] DEBUG:colcon.colcon_core.shell:Skip shell extension 'dsv' for command environment
[0.820s] INFO:colcon.colcon_core.task.python.build:Building Python package in '/home/awakesid/Desktop/second_ros2_ws/src/tutorial_node'
[0.821s] INFO:colcon.colcon_core.shell:Skip shell extension 'powershell' for command environment: Not usable outside of PowerShell
[0.821s] DEBUG:colcon.colcon_core.shell:Skip shell extension 'dsv' for command environment
[1.968s] DEBUG:colcon.colcon_core.event_handler.log_command:Invoking command in '/home/awakesid/Desktop/second_ros2_ws/build/tutorial_node': PYTHONPATH=/home/awakesid/Desktop/second_ros2_ws/build/tutorial_node/prefix_override:/usr/lib/python3/dist-packages/colcon_core/task/python/colcon_distutils_commands:/home/awakesid/Desktop/second_ros2_ws/install/tutorial_node/lib/python3.12/site-packages:${PYTHONPATH} /usr/bin/python3 -W ignore:setup.py install is deprecated -W ignore:easy_install command is deprecated setup.py develop --editable --build-directory /home/awakesid/Desktop/second_ros2_ws/build/tutorial_node/build --no-deps symlink_data
[3.113s] Level 1:colcon.colcon_core.shell:create_environment_hook('tutorial_node', 'pythonpath_develop')
[3.114s] INFO:colcon.colcon_core.shell:Creating environment hook '/home/awakesid/Desktop/second_ros2_ws/build/tutorial_node/share/tutorial_node/hook/pythonpath_develop.ps1'
[3.114s] DEBUG:colcon.colcon_core.event_handler.log_command:Invoked command in '/home/awakesid/Desktop/second_ros2_ws/build/tutorial_node' returned '0': PYTHONPATH=/home/awakesid/Desktop/second_ros2_ws/build/tutorial_node/prefix_override:/usr/lib/python3/dist-packages/colcon_core/task/python/colcon_distutils_commands:/home/awakesid/Desktop/second_ros2_ws/install/tutorial_node/lib/python3.12/site-packages:${PYTHONPATH} /usr/bin/python3 -W ignore:setup.py install is deprecated -W ignore:easy_install command is deprecated setup.py develop --editable --build-directory /home/awakesid/Desktop/second_ros2_ws/build/tutorial_node/build --no-deps symlink_data
[3.115s] INFO:colcon.colcon_core.shell:Creating environment descriptor '/home/awakesid/Desktop/second_ros2_ws/build/tutorial_node/share/tutorial_node/hook/pythonpath_develop.dsv'
[3.116s] INFO:colcon.colcon_core.shell:Creating environment hook '/home/awakesid/Desktop/second_ros2_ws/build/tutorial_node/share/tutorial_node/hook/pythonpath_develop.sh'
[3.121s] Level 1:colcon.colcon_core.environment:checking '/home/awakesid/Desktop/second_ros2_ws/install/tutorial_node' for CMake module files
[3.122s] Level 1:colcon.colcon_core.environment:checking '/home/awakesid/Desktop/second_ros2_ws/install/tutorial_node' for CMake config files
[3.123s] Level 1:colcon.colcon_core.environment:checking '/home/awakesid/Desktop/second_ros2_ws/install/tutorial_node/lib'
[3.123s] Level 1:colcon.colcon_core.environment:checking '/home/awakesid/Desktop/second_ros2_ws/install/tutorial_node/bin'
[3.124s] Level 1:colcon.colcon_core.environment:checking '/home/awakesid/Desktop/second_ros2_ws/install/tutorial_node/lib/pkgconfig/tutorial_node.pc'
[3.124s] Level 1:colcon.colcon_core.environment:checking '/home/awakesid/Desktop/second_ros2_ws/install/tutorial_node/lib/python3.12/site-packages'
[3.124s] Level 1:colcon.colcon_core.shell:create_environment_hook('tutorial_node', 'pythonpath')
[3.125s] INFO:colcon.colcon_core.shell:Creating environment hook '/home/awakesid/Desktop/second_ros2_ws/install/tutorial_node/share/tutorial_node/hook/pythonpath.ps1'
[3.125s] INFO:colcon.colcon_core.shell:Creating environment descriptor '/home/awakesid/Desktop/second_ros2_ws/install/tutorial_node/share/tutorial_node/hook/pythonpath.dsv'
[3.126s] INFO:colcon.colcon_core.shell:Creating environment hook '/home/awakesid/Desktop/second_ros2_ws/install/tutorial_node/share/tutorial_node/hook/pythonpath.sh'
[3.127s] Level 1:colcon.colcon_core.environment:checking '/home/awakesid/Desktop/second_ros2_ws/install/tutorial_node/bin'
[3.127s] Level 1:colcon.colcon_core.environment:create_environment_scripts_only(tutorial_node)
[3.127s] INFO:colcon.colcon_core.shell:Creating package script '/home/awakesid/Desktop/second_ros2_ws/install/tutorial_node/share/tutorial_node/package.ps1'
[3.128s] INFO:colcon.colcon_core.shell:Creating package descriptor '/home/awakesid/Desktop/second_ros2_ws/install/tutorial_node/share/tutorial_node/package.dsv'
[3.129s] INFO:colcon.colcon_core.shell:Creating package script '/home/awakesid/Desktop/second_ros2_ws/install/tutorial_node/share/tutorial_node/package.sh'
[3.130s] INFO:colcon.colcon_core.shell:Creating package script '/home/awakesid/Desktop/second_ros2_ws/install/tutorial_node/share/tutorial_node/package.bash'
[3.131s] INFO:colcon.colcon_core.shell:Creating package script '/home/awakesid/Desktop/second_ros2_ws/install/tutorial_node/share/tutorial_node/package.zsh'
[3.132s] Level 1:colcon.colcon_core.environment:create_file_with_runtime_dependencies(/home/awakesid/Desktop/second_ros2_ws/install/tutorial_node/share/colcon-core/packages/tutorial_node)
[3.133s] DEBUG:colcon.colcon_parallel_executor.executor.parallel:closing loop
[3.133s] DEBUG:colcon.colcon_parallel_executor.executor.parallel:loop closed
[3.133s] DEBUG:colcon.colcon_parallel_executor.executor.parallel:run_until_complete finished with '0'
[3.134s] DEBUG:colcon.colcon_core.event_reactor:joining thread
[3.143s] INFO:colcon.colcon_core.plugin_system:Skipping extension 'colcon_notification.desktop_notification.terminal_notifier': Not used on non-Darwin systems
[3.143s] INFO:colcon.colcon_core.plugin_system:Skipping extension 'colcon_notification.desktop_notification.win32': Not used on non-Windows systems
[3.143s] INFO:colcon.colcon_notification.desktop_notification:Sending desktop notification using 'notify2'
[3.181s] DEBUG:colcon.colcon_core.event_reactor:joined thread
[3.181s] INFO:colcon.colcon_core.shell:Creating prefix script '/home/awakesid/Desktop/second_ros2_ws/install/local_setup.ps1'
[3.184s] INFO:colcon.colcon_core.shell:Creating prefix util module '/home/awakesid/Desktop/second_ros2_ws/install/_local_setup_util_ps1.py'
[3.191s] INFO:colcon.colcon_core.shell:Creating prefix chain script '/home/awakesid/Desktop/second_ros2_ws/install/setup.ps1'
[3.194s] INFO:colcon.colcon_core.shell:Creating prefix script '/home/awakesid/Desktop/second_ros2_ws/install/local_setup.sh'
[3.195s] INFO:colcon.colcon_core.shell:Creating prefix util module '/home/awakesid/Desktop/second_ros2_ws/install/_local_setup_util_sh.py'
[3.197s] INFO:colcon.colcon_core.shell:Creating prefix chain script '/home/awakesid/Desktop/second_ros2_ws/install/setup.sh'
[3.199s] INFO:colcon.colcon_core.shell:Creating prefix script '/home/awakesid/Desktop/second_ros2_ws/install/local_setup.bash'
[3.200s] INFO:colcon.colcon_core.shell:Creating prefix chain script '/home/awakesid/Desktop/second_ros2_ws/install/setup.bash'
[3.202s] INFO:colcon.colcon_core.shell:Creating prefix script '/home/awakesid/Desktop/second_ros2_ws/install/local_setup.zsh'
[3.203s] INFO:colcon.colcon_core.shell:Creating prefix chain script '/home/awakesid/Desktop/second_ros2_ws/install/setup.zsh'
