running develop
running egg_info
creating tutorial_node.egg-info
writing tutorial_node.egg-info/PKG-INFO
writing dependency_links to tutorial_node.egg-info/dependency_links.txt
writing entry points to tutorial_node.egg-info/entry_points.txt
writing requirements to tutorial_node.egg-info/requires.txt
writing top-level names to tutorial_node.egg-info/top_level.txt
writing manifest file 'tutorial_node.egg-info/SOURCES.txt'
reading manifest file 'tutorial_node.egg-info/SOURCES.txt'
writing manifest file 'tutorial_node.egg-info/SOURCES.txt'
running build_ext
Creating /home/awakesid/Desktop/second_ros2_ws/install/tutorial_node/lib/python3.12/site-packages/tutorial-node.egg-link (link to .)
Installing publisher_node script to /home/awakesid/Desktop/second_ros2_ws/install/tutorial_node/lib/tutorial_node
Installing subscriber_node script to /home/awakesid/Desktop/second_ros2_ws/install/tutorial_node/lib/tutorial_node

Installed /home/awakesid/Desktop/second_ros2_ws/build/tutorial_node
running symlink_data
creating /home/awakesid/Desktop/second_ros2_ws/install/tutorial_node/share/ament_index
creating /home/awakesid/Desktop/second_ros2_ws/install/tutorial_node/share/ament_index/resource_index
creating /home/awakesid/Desktop/second_ros2_ws/install/tutorial_node/share/ament_index/resource_index/packages
symbolically linking /home/awakesid/Desktop/second_ros2_ws/build/tutorial_node/resource/tutorial_node -> /home/awakesid/Desktop/second_ros2_ws/install/tutorial_node/share/ament_index/resource_index/packages
symbolically linking /home/awakesid/Desktop/second_ros2_ws/build/tutorial_node/package.xml -> /home/awakesid/Desktop/second_ros2_ws/install/tutorial_node/share/tutorial_node
