[0.022s] Invoking command in '/home/awakesid/Desktop/second_ros2_ws/build/urdf_tutorial': /usr/bin/cmake /home/awakesid/Desktop/second_ros2_ws/src/urdf_tutorial -DCATKIN_INSTALL_INTO_PREFIX_ROOT=0 -DCMAKE_INSTALL_PREFIX=/home/awakesid/Desktop/second_ros2_ws/install/urdf_tutorial
[0.114s] -- The C compiler identification is GNU 13.3.0
[0.223s] -- The CXX compiler identification is GNU 13.3.0
[0.251s] -- Detecting C compiler ABI info
[0.404s] -- Detecting C compiler ABI info - done
[0.423s] -- Check for working C compiler: /usr/bin/cc - skipped
[0.424s] -- Detecting C compile features
[0.424s] -- Detecting C compile features - done
[0.444s] -- Detecting CXX compiler ABI info
[0.631s] -- Detecting CXX compiler ABI info - done
[0.647s] -- Check for working CXX compiler: /usr/bin/c++ - skipped
[0.647s] -- Detecting CXX compile features
[0.648s] -- Detecting CXX compile features - done
[0.665s] [31mCMake Error at CMakeLists.txt:4 (find_package):
[0.665s]   By not providing "Findcatkin.cmake" in CMAKE_MODULE_PATH this project has
[0.666s]   asked CMake to find a package configuration file provided by "catkin", but
[0.666s]   CMake did not find one.
[0.666s] 
[0.666s]   Could not find a package configuration file provided by "catkin" with any
[0.666s]   of the following names:
[0.666s] 
[0.667s]     catkinConfig.cmake
[0.667s]     catkin-config.cmake
[0.667s] 
[0.667s] -- Configuring incomplete, errors occurred!
[0.667s]   Add the installation prefix of "catkin" to CMAKE_PREFIX_PATH or set
[0.668s]   "catkin_DIR" to a directory containing one of the above files.  If "catkin"
[0.668s]   provides a separate development package or SDK, be sure it has been
[0.668s]   installed.
[0.668s] 
[0.669s] [0m
[0.672s] Invoked command in '/home/awakesid/Desktop/second_ros2_ws/build/urdf_tutorial' returned '1': /usr/bin/cmake /home/awakesid/Desktop/second_ros2_ws/src/urdf_tutorial -DCATKIN_INSTALL_INTO_PREFIX_ROOT=0 -DCMAKE_INSTALL_PREFIX=/home/awakesid/Desktop/second_ros2_ws/install/urdf_tutorial
